<?xml version="1.0" encoding="UTF-8" ?>
<testsuite tests="4" failures="0" name="be.david.fatchocobo.FractionTest" time="0" errors="0" skipped="0">
  <properties>
    <property name="java.runtime.name" value="Java(TM) SE Runtime Environment"/>
    <property name="sun.boot.library.path" value="/Users/stannisbaratheon/Desktop/Eru/jdk1.8.0_92/jre/lib"/>
    <property name="java.vm.version" value="25.92-b14"/>
    <property name="user.country.format" value="BE"/>
    <property name="gopherProxySet" value="false"/>
    <property name="java.vm.vendor" value="Oracle Corporation"/>
    <property name="maven.multiModuleProjectDirectory" value="/Users/stannisbaratheon/Google Drive/David M&apos;s Exercises/Chocobo"/>
    <property name="java.vendor.url" value="http://java.oracle.com/"/>
    <property name="path.separator" value=":"/>
    <property name="guice.disable.misplaced.annotation.check" value="true"/>
    <property name="java.vm.name" value="Java HotSpot(TM) 64-Bit Server VM"/>
    <property name="file.encoding.pkg" value="sun.io"/>
    <property name="user.country" value="US"/>
    <property name="sun.java.launcher" value="SUN_STANDARD"/>
    <property name="sun.os.patch.level" value="unknown"/>
    <property name="java.vm.specification.name" value="Java Virtual Machine Specification"/>
    <property name="user.dir" value="/Users/stannisbaratheon/Google Drive/David M&apos;s Exercises/Chocobo"/>
    <property name="java.runtime.version" value="1.8.0_92-b14"/>
    <property name="java.awt.graphicsenv" value="sun.awt.CGraphicsEnvironment"/>
    <property name="java.endorsed.dirs" value="/Users/stannisbaratheon/Desktop/Eru/jdk1.8.0_92/jre/lib/endorsed"/>
    <property name="os.arch" value="x86_64"/>
    <property name="java.io.tmpdir" value="/var/folders/6l/sk33sv0j3js3hn6j24p2k4pm0000gp/T/"/>
    <property name="line.separator" value="
"/>
    <property name="java.vm.specification.vendor" value="Oracle Corporation"/>
    <property name="os.name" value="Mac OS X"/>
    <property name="classworlds.conf" value="/Users/stannisbaratheon/Desktop/Eru/apache-maven-3.3.9/bin/m2.conf"/>
    <property name="sun.jnu.encoding" value="UTF-8"/>
    <property name="java.library.path" value="/Users/stannisbaratheon/Library/Java/Extensions:/Library/Java/Extensions:/Network/Library/Java/Extensions:/System/Library/Java/Extensions:/usr/lib/java:."/>
    <property name="java.specification.name" value="Java Platform API Specification"/>
    <property name="java.class.version" value="52.0"/>
    <property name="sun.management.compiler" value="HotSpot 64-Bit Tiered Compilers"/>
    <property name="os.version" value="10.11.4"/>
    <property name="http.nonProxyHosts" value="local|*.local|169.254/16|*.169.254/16"/>
    <property name="user.home" value="/Users/stannisbaratheon"/>
    <property name="user.timezone" value="Europe/Brussels"/>
    <property name="java.awt.printerjob" value="sun.lwawt.macosx.CPrinterJob"/>
    <property name="java.specification.version" value="1.8"/>
    <property name="file.encoding" value="UTF-8"/>
    <property name="user.name" value="stannisbaratheon"/>
    <property name="java.class.path" value="/Users/stannisbaratheon/Desktop/Eru/apache-maven-3.3.9/boot/plexus-classworlds-2.5.2.jar"/>
    <property name="java.vm.specification.version" value="1.8"/>
    <property name="sun.arch.data.model" value="64"/>
    <property name="java.home" value="/Users/stannisbaratheon/Desktop/Eru/jdk1.8.0_92/jre"/>
    <property name="sun.java.command" value="org.codehaus.plexus.classworlds.launcher.Launcher clean test"/>
    <property name="java.specification.vendor" value="Oracle Corporation"/>
    <property name="user.language" value="en"/>
    <property name="awt.toolkit" value="sun.lwawt.macosx.LWCToolkit"/>
    <property name="java.vm.info" value="mixed mode"/>
    <property name="java.version" value="1.8.0_92"/>
    <property name="java.ext.dirs" value="/Users/stannisbaratheon/Library/Java/Extensions:/Users/stannisbaratheon/Desktop/Eru/jdk1.8.0_92/jre/lib/ext:/Library/Java/Extensions:/Network/Library/Java/Extensions:/System/Library/Java/Extensions:/usr/lib/java"/>
    <property name="sun.boot.class.path" value="/Users/stannisbaratheon/Desktop/Eru/jdk1.8.0_92/jre/lib/resources.jar:/Users/stannisbaratheon/Desktop/Eru/jdk1.8.0_92/jre/lib/rt.jar:/Users/stannisbaratheon/Desktop/Eru/jdk1.8.0_92/jre/lib/sunrsasign.jar:/Users/stannisbaratheon/Desktop/Eru/jdk1.8.0_92/jre/lib/jsse.jar:/Users/stannisbaratheon/Desktop/Eru/jdk1.8.0_92/jre/lib/jce.jar:/Users/stannisbaratheon/Desktop/Eru/jdk1.8.0_92/jre/lib/charsets.jar:/Users/stannisbaratheon/Desktop/Eru/jdk1.8.0_92/jre/lib/jfr.jar:/Users/stannisbaratheon/Desktop/Eru/jdk1.8.0_92/jre/classes"/>
    <property name="java.vendor" value="Oracle Corporation"/>
    <property name="maven.home" value="/Users/stannisbaratheon/Desktop/Eru/apache-maven-3.3.9"/>
    <property name="file.separator" value="/"/>
    <property name="java.vendor.url.bug" value="http://bugreport.sun.com/bugreport/"/>
    <property name="sun.cpu.endian" value="little"/>
    <property name="sun.io.unicode.encoding" value="UnicodeBig"/>
    <property name="socksNonProxyHosts" value="local|*.local|169.254/16|*.169.254/16"/>
    <property name="ftp.nonProxyHosts" value="local|*.local|169.254/16|*.169.254/16"/>
    <property name="sun.cpu.isalist" value=""/>
  </properties>
  <testcase classname="be.david.fatchocobo.FractionTest" name="checkIfSimplyReturnsSameValue" time="0"/>
  <testcase classname="be.david.fatchocobo.FractionTest" name="checkSumOfTwoFractionsResult" time="0"/>
  <testcase classname="be.david.fatchocobo.FractionTest" name="checkIfStringIsGeneratedCorrectly" time="0"/>
  <testcase classname="be.david.fatchocobo.FractionTest" name="checkIfSimplyReturnsCorrectValue" time="0"/>
</testsuite>